<?xml version="1.0" encoding="UTF-8"?>
<!-- Generated by org.testng.reporters.JUnitReportReporter -->
<testsuite hostname="LAPTOP-QIQA8SSD" failures="0" tests="1" name="com.Actitime.Testscripts.TaskTest" time="15.680" errors="0" timestamp="2023-03-30T11:36:36 IST" skipped="0">
  <testcase classname="com.Actitime.Testscripts.TaskTest" name="createCustomer" time="15.680"/>
  <system-out/>
</testsuite> <!-- com.Actitime.Testscripts.TaskTest -->
